f:\dropbox\jupyter\postprocessing_bsa\vliv_trial\gpufit\gpufit\gpufit.dir\release\lm_fit_cuda.obj
f:\dropbox\jupyter\postprocessing_bsa\vliv_trial\gpufit\gpufit\gpufit.dir\release\lm_fit.obj
f:\dropbox\jupyter\postprocessing_bsa\vliv_trial\gpufit\gpufit\gpufit.dir\release\interface.obj
f:\dropbox\jupyter\postprocessing_bsa\vliv_trial\gpufit\gpufit\gpufit.dir\release\info.obj
f:\dropbox\jupyter\postprocessing_bsa\vliv_trial\gpufit\gpufit\gpufit.dir\release\gpufit.obj
f:\dropbox\jupyter\postprocessing_bsa\vliv_trial\gpufit\gpufit\cmakefiles\gpufit.dir\release\gpufit_generated_lm_fit_cuda.cu.obj
f:\dropbox\jupyter\postprocessing_bsa\vliv_trial\gpufit\gpufit\cmakefiles\gpufit.dir\release\gpufit_generated_cuda_kernels.cu.obj
f:\dropbox\jupyter\postprocessing_bsa\vliv_trial\gpufit\gpufit\cmakefiles\gpufit.dir\release\gpufit_generated_info.cu.obj
f:\dropbox\jupyter\postprocessing_bsa\vliv_trial\gpufit\gpufit\cmakefiles\gpufit.dir\release\gpufit_generated_gpu_data.cu.obj
f:\dropbox\jupyter\postprocessing_bsa\vliv_trial\gpufit\gpufit\cmakefiles\gpufit.dir\release\gpufit_generated_cuda_gaussjordan.cu.obj
f:\dropbox\jupyter\postprocessing_bsa\vliv_trial\gpufit\gpufit\cmakefiles\generate.stamp
f:\dropbox\jupyter\postprocessing_bsa\vliv_trial\gpufit\gpufit\release\gpufit.lib
f:\dropbox\jupyter\postprocessing_bsa\vliv_trial\gpufit\gpufit\release\gpufit.exp
f:\dropbox\jupyter\postprocessing_bsa\vliv_trial\gpufit\release\gpufit.dll
f:\dropbox\jupyter\postprocessing_bsa\vliv_trial\gpufit\gpufit\gpufit.dir\release\gpufit.tlog\cl.command.1.tlog
f:\dropbox\jupyter\postprocessing_bsa\vliv_trial\gpufit\gpufit\gpufit.dir\release\gpufit.tlog\cl.read.1.tlog
f:\dropbox\jupyter\postprocessing_bsa\vliv_trial\gpufit\gpufit\gpufit.dir\release\gpufit.tlog\cl.write.1.tlog
f:\dropbox\jupyter\postprocessing_bsa\vliv_trial\gpufit\gpufit\gpufit.dir\release\gpufit.tlog\custombuild.command.1.tlog
f:\dropbox\jupyter\postprocessing_bsa\vliv_trial\gpufit\gpufit\gpufit.dir\release\gpufit.tlog\custombuild.read.1.tlog
f:\dropbox\jupyter\postprocessing_bsa\vliv_trial\gpufit\gpufit\gpufit.dir\release\gpufit.tlog\custombuild.write.1.tlog
f:\dropbox\jupyter\postprocessing_bsa\vliv_trial\gpufit\gpufit\gpufit.dir\release\gpufit.tlog\gpufit.write.1u.tlog
f:\dropbox\jupyter\postprocessing_bsa\vliv_trial\gpufit\gpufit\gpufit.dir\release\gpufit.tlog\link.command.1.tlog
f:\dropbox\jupyter\postprocessing_bsa\vliv_trial\gpufit\gpufit\gpufit.dir\release\gpufit.tlog\link.read.1.tlog
f:\dropbox\jupyter\postprocessing_bsa\vliv_trial\gpufit\gpufit\gpufit.dir\release\gpufit.tlog\link.write.1.tlog
